


materialPath: C:\Program Files (x86)\Steam\steamapps\common\GarrysMod\garrysmod\materials
Loading c:\github\propfall\map\gm_propfall.vmf
fixing up env_cubemap materials on brush sides...
0...1...2...3...4...5...6...7...8...9...100...1...2...3...4...5...6...7...8...9...10Processing areas...done (0)
Building Faces...done (0)
Chop Details...done (0)
Find Visible Detail Sides...done (0)
Merging details...done (0)
FixTjuncs...
PruneNodes...
WriteBSP...
done (0)
writing c:\github\propfall\map\gm_propfall.prt...Building visibility clusters...
done (0)
Creating default LDR cubemaps for env_cubemap using skybox materials:
   skybox/sky_day02_05*.vmt
 ! Run buildcubemaps in the engine to get the correct cube maps.
Creating default HDR cubemaps for env_cubemap using skybox materials:
   skybox/sky_day02_05*.vmt
 ! Run buildcubemaps in the engine to get the correct cube maps.
Finding displacement neighbors...
Finding lightmap sample positions...
Displacement Alpha : 0...1...2...3...4...5...6...7...8...9...10
Building Physics collision data...
done (0) (21117 bytes)
Placing detail props : 0...1...2...3...4...5...6...7...8...9...10
Compacting texture/material tables...
Reduced 75 texinfos to 31
Reduced 10 texdatas to 9 (269 bytes to 219)
Writing c:\github\propfall\map\gm_propfall.bsp
0 seconds elapsed



16 threads
reading c:\github\propfall\map\gm_propfall.bsp
reading c:\github\propfall\map\gm_propfall.prt
 538 portalclusters
1195 numportals
0...1...2...3...4...5...6...7...8...9...100...1...2...3...4...5...6...7...8...9...10Optimized: 431 visible clusters (0.44%)
Total clusters visible: 98796
Average clusters visible: 183
Building PAS...
Average clusters audible: 489
visdatasize:71462  compressed from 77472
writing c:\github\propfall\map\gm_propfall.bsp
0 seconds elapsed



[Reading texlights from 'lights.rad']
[45 texlights parsed from 'lights.rad']

Loading c:\github\propfall\map\gm_propfall.bsp
PREP OK
2421 faces
1 degenerate faces
7764419 square feet [1118076416.00 square inches]
0 Displacements
0 Square Feet [0.00 Square Inches]
2420 patches before subdivision
106922 patches after subdivision
2 direct lights
0...1...2...3...4...5...6...7...8...9...100...1...2...3...4...5...6...7...8...9...10transfers 69648758, max 1882
transfer lists: 531.4 megs
0...1...2...3...4...5...6...7...8...9...10	Bounce #1 added RGB(352002, 519862, 560461)
0...1...2...3...4...5...6...7...8...9...10	Bounce #2 added RGB(108205, 154397, 154809)
0...1...2...3...4...5...6...7...8...9...10	Bounce #3 added RGB(36804, 50905, 47396)
0...1...2...3...4...5...6...7...8...9...10	Bounce #4 added RGB(13159, 17638, 15216)
0...1...2...3...4...5...6...7...8...9...10	Bounce #5 added RGB(4784, 6214, 4962)
0...1...2...3...4...5...6...7...8...9...10	Bounce #6 added RGB(1752, 2205, 1629)
0...1...2...3...4...5...6...7...8...9...10	Bounce #7 added RGB(643, 785, 536)
0...1...2...3...4...5...6...7...8...9...10	Bounce #8 added RGB(237, 280, 177)
0...1...2...3...4...5...6...7...8...9...10	Bounce #9 added RGB(87, 100, 58)
0...1...2...3...4...5...6...7...8...9...10	Bounce #10 added RGB(32, 36, 19)
0...1...2...3...4...5...6...7...8...9...10	Bounce #11 added RGB(12, 13, 6)
0...1...2...3...4...5...6...7...8...9...10	Bounce #12 added RGB(4, 5, 2)
0...1...2...3...4...5...6...7...8...9...10	Bounce #13 added RGB(2, 2, 1)
0...1...2...3...4...5...6...7...8...9...10	Bounce #14 added RGB(1, 1, 0)
Build Patch/Sample Hash Table(s).....Done<0.0273 sec>
0...1...2...3...4...5...6...7...8...9...10FinalLightFace Done
0 of 0 (0% of) surface lights went in leaf ambient cubes.
0...1...2...3...4...5...6...7...8...9...10Writing leaf ambient...done
Ready to Finish

Object names       Objects/Maxobjs  Memory / Maxmem  Fullness 
------------       ---------------  ---------------  -------- 
models                   4/4096          192/196608   ( 0.1%) 
brushes                 51/16384         612/196608   ( 0.3%) 
brushsides             604/163840       4832/1310720  ( 0.4%) 
planes                1000/65536       20000/1310720  ( 1.5%) 
vertexes              3443/65536       41316/786432   ( 5.3%) 
nodes                 1384/65536       44288/2097152  ( 2.1%) 
texinfos                31/12288        2232/884736   ( 0.3%) 
texdata                  9/2048          288/65536    ( 0.4%) 
dispinfos                0/0               0/0        ( 0.0%) 
disp_verts               0/0               0/0        ( 0.0%) 
disp_tris                0/0               0/0        ( 0.0%) 
disp_lmsamples           0/0               0/0        ( 0.0%) 
faces                 2421/65536      135576/3670016  ( 3.7%) 
hdr faces                0/65536           0/3670016  ( 0.0%) 
origfaces               79/65536        4424/3670016  ( 0.1%) 
leaves                1389/65536       44448/2097152  ( 2.1%) 
leaffaces             2565/65536        5130/131072   ( 3.9%) 
leafbrushes           1523/65536        3046/131072   ( 2.3%) 
areas                    2/1024           16/8192     ( 0.2%) 
surfedges            10743/512000      42972/2048000  ( 2.1%) 
edges                 5667/256000      22668/1024000  ( 2.2%) 
LDR worldlights          2/8192          176/720896   ( 0.0%) 
HDR worldlights          0/8192            0/720896   ( 0.0%) 
leafwaterdata            0/32768           0/393216   ( 0.0%) 
waterstrips            130/32768        1300/327680   ( 0.4%) 
waterverts               0/65536           0/786432   ( 0.0%) 
waterindices          2079/65536        4158/131072   ( 3.2%) 
cubemapsamples           0/1024            0/16384    ( 0.0%) 
overlays                 0/1024            0/360448   ( 0.0%) 
LDR lightdata         [variable]    13019528/0        ( 0.0%) 
HDR lightdata         [variable]           0/0        ( 0.0%) 
visdata               [variable]       71462/16777216 ( 0.4%) 
entdata               [variable]       15036/393216   ( 3.8%) 
LDR ambient table     1389/65536        5556/262144   ( 2.1%) 
HDR ambient table     1389/65536        5556/262144   ( 2.1%) 
LDR leaf ambient      5380/65536      150640/1835008  ( 8.2%) 
HDR leaf ambient      1389/65536       38892/1835008  ( 2.1%) 
occluders                0/0               0/0        ( 0.0%) 
occluder polygons        0/0               0/0        ( 0.0%) 
occluder vert ind        0/0               0/0        ( 0.0%) 
detail props          [variable]           1/12       ( 8.3%) 
static props          [variable]           1/12       ( 8.3%) 
pakfile               [variable]      173755/0        ( 0.0%) 
physics               [variable]       21117/4194304  ( 0.5%) 
physics terrain       [variable]           2/1048576  ( 0.0%) 

Level flags = 0

Total triangle count: 5585
Writing c:\github\propfall\map\gm_propfall.bsp
28 seconds elapsed



materialPath: C:\Program Files (x86)\Steam\steamapps\common\GarrysMod\garrysmod\materials
Loading c:\github\propfall\map\gm_propfall.vmf
fixing up env_cubemap materials on brush sides...
0...1...2...3...4...5...6...7...8...9...100...1...2...3...4...5...6...7...8...9...10Processing areas...done (0)
Building Faces...done (0)
Chop Details...done (0)
Find Visible Detail Sides...done (0)
Merging details...done (0)
FixTjuncs...
PruneNodes...
WriteBSP...
done (0)
writing c:\github\propfall\map\gm_propfall.prt...Building visibility clusters...
done (0)
Creating default LDR cubemaps for env_cubemap using skybox materials:
   skybox/sky_day02_05*.vmt
 ! Run buildcubemaps in the engine to get the correct cube maps.
Creating default HDR cubemaps for env_cubemap using skybox materials:
   skybox/sky_day02_05*.vmt
 ! Run buildcubemaps in the engine to get the correct cube maps.
Finding displacement neighbors...
Finding lightmap sample positions...
Displacement Alpha : 0...1...2...3...4...5...6...7...8...9...10
Building Physics collision data...
done (0) (21117 bytes)
Placing detail props : 0...1...2...3...4...5...6...7...8...9...10
Compacting texture/material tables...
Reduced 70 texinfos to 30
Reduced 10 texdatas to 9 (269 bytes to 219)
Writing c:\github\propfall\map\gm_propfall.bsp
0 seconds elapsed



16 threads
reading c:\github\propfall\map\gm_propfall.bsp
reading c:\github\propfall\map\gm_propfall.prt
 538 portalclusters
1195 numportals
0...1...2...3...4...5...6...7...8...9...100...1...2...3...4...5...6...7...8...9...10Optimized: 431 visible clusters (0.44%)
Total clusters visible: 98796
Average clusters visible: 183
Building PAS...
Average clusters audible: 489
visdatasize:71462  compressed from 77472
writing c:\github\propfall\map\gm_propfall.bsp
0 seconds elapsed



[Reading texlights from 'lights.rad']
[45 texlights parsed from 'lights.rad']

Loading c:\github\propfall\map\gm_propfall.bsp
PREP OK
1780 faces
7238918 square feet [1042404160.00 square inches]
0 Displacements
0 Square Feet [0.00 Square Inches]
1780 patches before subdivision
75424 patches after subdivision
2 direct lights
0...1...2...3...4...5...6...7...8...9...100...1...2...3...4...5...6...7...8...9...10transfers 33690462, max 1338
transfer lists: 257.0 megs
0...1...2...3...4...5...6...7...8...9...10	Bounce #1 added RGB(222334, 332180, 357053)
0...1...2...3...4...5...6...7...8...9...10	Bounce #2 added RGB(71258, 103460, 103166)
0...1...2...3...4...5...6...7...8...9...10	Bounce #3 added RGB(24299, 34306, 31706)
0...1...2...3...4...5...6...7...8...9...10	Bounce #4 added RGB(8451, 11608, 9918)
0...1...2...3...4...5...6...7...8...9...10	Bounce #5 added RGB(2960, 3956, 3122)
0...1...2...3...4...5...6...7...8...9...10	Bounce #6 added RGB(1040, 1353, 985)
0...1...2...3...4...5...6...7...8...9...10	Bounce #7 added RGB(366, 463, 311)
0...1...2...3...4...5...6...7...8...9...10	Bounce #8 added RGB(129, 159, 98)
0...1...2...3...4...5...6...7...8...9...10	Bounce #9 added RGB(45, 54, 31)
0...1...2...3...4...5...6...7...8...9...10	Bounce #10 added RGB(16, 19, 10)
0...1...2...3...4...5...6...7...8...9...10	Bounce #11 added RGB(6, 6, 3)
0...1...2...3...4...5...6...7...8...9...10	Bounce #12 added RGB(2, 2, 1)
0...1...2...3...4...5...6...7...8...9...10	Bounce #13 added RGB(1, 1, 0)
Build Patch/Sample Hash Table(s).....Done<0.0187 sec>
0...1...2...3...4...5...6...7...8...9...10FinalLightFace Done
0 of 0 (0% of) surface lights went in leaf ambient cubes.
0...1...2...3...4...5...6...7...8...9...10Writing leaf ambient...done
Ready to Finish

Object names       Objects/Maxobjs  Memory / Maxmem  Fullness 
------------       ---------------  ---------------  -------- 
models                   4/4096          192/196608   ( 0.1%) 
brushes                 51/16384         612/196608   ( 0.3%) 
brushsides             604/163840       4832/1310720  ( 0.4%) 
planes                1000/65536       20000/1310720  ( 1.5%) 
vertexes              2932/65536       35184/786432   ( 4.5%) 
nodes                 1384/65536       44288/2097152  ( 2.1%) 
texinfos                30/12288        2160/884736   ( 0.2%) 
texdata                  9/2048          288/65536    ( 0.4%) 
dispinfos                0/0               0/0        ( 0.0%) 
disp_verts               0/0               0/0        ( 0.0%) 
disp_tris                0/0               0/0        ( 0.0%) 
disp_lmsamples           0/0               0/0        ( 0.0%) 
faces                 1780/65536       99680/3670016  ( 2.7%) 
hdr faces                0/65536           0/3670016  ( 0.0%) 
origfaces               71/65536        3976/3670016  ( 0.1%) 
leaves                1389/65536       44448/2097152  ( 2.1%) 
leaffaces             1899/65536        3798/131072   ( 2.9%) 
leafbrushes           1523/65536        3046/131072   ( 2.3%) 
areas                    2/1024           16/8192     ( 0.2%) 
surfedges             7972/512000      31888/2048000  ( 1.6%) 
edges                 4288/256000      17152/1024000  ( 1.7%) 
LDR worldlights          2/8192          176/720896   ( 0.0%) 
HDR worldlights          0/8192            0/720896   ( 0.0%) 
leafwaterdata            0/32768           0/393216   ( 0.0%) 
waterstrips            115/32768        1150/327680   ( 0.4%) 
waterverts               0/65536           0/786432   ( 0.0%) 
waterindices          1764/65536        3528/131072   ( 2.7%) 
cubemapsamples           0/1024            0/16384    ( 0.0%) 
overlays                 0/1024            0/360448   ( 0.0%) 
LDR lightdata         [variable]     4557840/0        ( 0.0%) 
HDR lightdata         [variable]           0/0        ( 0.0%) 
visdata               [variable]       71462/16777216 ( 0.4%) 
entdata               [variable]       15036/393216   ( 3.8%) 
LDR ambient table     1389/65536        5556/262144   ( 2.1%) 
HDR ambient table     1389/65536        5556/262144   ( 2.1%) 
LDR leaf ambient      5406/65536      151368/1835008  ( 8.2%) 
HDR leaf ambient      1389/65536       38892/1835008  ( 2.1%) 
occluders                0/0               0/0        ( 0.0%) 
occluder polygons        0/0               0/0        ( 0.0%) 
occluder vert ind        0/0               0/0        ( 0.0%) 
detail props          [variable]           1/12       ( 8.3%) 
static props          [variable]           1/12       ( 8.3%) 
pakfile               [variable]      173755/0        ( 0.0%) 
physics               [variable]       21117/4194304  ( 0.5%) 
physics terrain       [variable]           2/1048576  ( 0.0%) 

Level flags = 0

Total triangle count: 4128
Writing c:\github\propfall\map\gm_propfall.bsp
23 seconds elapsed



materialPath: C:\Program Files (x86)\Steam\steamapps\common\GarrysMod\garrysmod\materials
Loading c:\github\propfall\map\gm_propfall.vmf
fixing up env_cubemap materials on brush sides...
0...1...2...3...4...5...6...7...8...9...100...1...2...3...4...5...6...7...8...9...10Processing areas...done (0)
Building Faces...done (0)
Chop Details...done (0)
Find Visible Detail Sides...done (0)
Merging details...done (0)
FixTjuncs...
PruneNodes...
WriteBSP...
done (0)
writing c:\github\propfall\map\gm_propfall.prt...Building visibility clusters...
done (0)
Creating default LDR cubemaps for env_cubemap using skybox materials:
   skybox/sky_day02_05*.vmt
 ! Run buildcubemaps in the engine to get the correct cube maps.
Creating default HDR cubemaps for env_cubemap using skybox materials:
   skybox/sky_day02_05*.vmt
 ! Run buildcubemaps in the engine to get the correct cube maps.
Finding displacement neighbors...
Finding lightmap sample positions...
Displacement Alpha : 0...1...2...3...4...5...6...7...8...9...10
Building Physics collision data...
done (0) (21117 bytes)
Placing detail props : 0...1...2...3...4...5...6...7...8...9...10
Compacting texture/material tables...
Reduced 70 texinfos to 30
Reduced 10 texdatas to 9 (269 bytes to 219)
Writing c:\github\propfall\map\gm_propfall.bsp
0 seconds elapsed



16 threads
reading c:\github\propfall\map\gm_propfall.bsp
reading c:\github\propfall\map\gm_propfall.prt
 538 portalclusters
1195 numportals
0...1...2...3...4...5...6...7...8...9...100...1...2...3...4...5...6...7...8...9...10Optimized: 431 visible clusters (0.44%)
Total clusters visible: 98796
Average clusters visible: 183
Building PAS...
Average clusters audible: 489
visdatasize:71462  compressed from 77472
writing c:\github\propfall\map\gm_propfall.bsp
0 seconds elapsed



[Reading texlights from 'lights.rad']
[45 texlights parsed from 'lights.rad']

Loading c:\github\propfall\map\gm_propfall.bsp
PREP OK
1780 faces
7238918 square feet [1042404160.00 square inches]
0 Displacements
0 Square Feet [0.00 Square Inches]
1780 patches before subdivision
75424 patches after subdivision
2 direct lights
0...1...2...3...4...5...6...7...8...9...100...1...2...3...4...5...6...7...8...9...10transfers 33690462, max 1338
transfer lists: 257.0 megs
0...1...2...3...4...5...6...7...8...9...10	Bounce #1 added RGB(222335, 332181, 357053)
0...1...2...3...4...5...6...7...8...9...10	Bounce #2 added RGB(71258, 103460, 103166)
0...1...2...3...4...5...6...7...8...9...10	Bounce #3 added RGB(24299, 34306, 31706)
0...1...2...3...4...5...6...7...8...9...10	Bounce #4 added RGB(8451, 11608, 9919)
0...1...2...3...4...5...6...7...8...9...10	Bounce #5 added RGB(2960, 3956, 3122)
0...1...2...3...4...5...6...7...8...9...10	Bounce #6 added RGB(1040, 1353, 985)
0...1...2...3...4...5...6...7...8...9...10	Bounce #7 added RGB(366, 463, 311)
0...1...2...3...4...5...6...7...8...9...10	Bounce #8 added RGB(129, 159, 98)
0...1...2...3...4...5...6...7...8...9...10	Bounce #9 added RGB(45, 54, 31)
0...1...2...3...4...5...6...7...8...9...10	Bounce #10 added RGB(16, 19, 10)
0...1...2...3...4...5...6...7...8...9...10	Bounce #11 added RGB(6, 6, 3)
0...1...2...3...4...5...6...7...8...9...10	Bounce #12 added RGB(2, 2, 1)
0...1...2...3...4...5...6...7...8...9...10	Bounce #13 added RGB(1, 1, 0)
Build Patch/Sample Hash Table(s).....Done<0.0188 sec>
0...1...2...3...4...5...6...7...8...9...10FinalLightFace Done
0 of 0 (0% of) surface lights went in leaf ambient cubes.
0...1...2...3...4...5...6...7...8...9...10Writing leaf ambient...done
Ready to Finish

Object names       Objects/Maxobjs  Memory / Maxmem  Fullness 
------------       ---------------  ---------------  -------- 
models                   4/4096          192/196608   ( 0.1%) 
brushes                 51/16384         612/196608   ( 0.3%) 
brushsides             604/163840       4832/1310720  ( 0.4%) 
planes                1000/65536       20000/1310720  ( 1.5%) 
vertexes              2932/65536       35184/786432   ( 4.5%) 
nodes                 1384/65536       44288/2097152  ( 2.1%) 
texinfos                30/12288        2160/884736   ( 0.2%) 
texdata                  9/2048          288/65536    ( 0.4%) 
dispinfos                0/0               0/0        ( 0.0%) 
disp_verts               0/0               0/0        ( 0.0%) 
disp_tris                0/0               0/0        ( 0.0%) 
disp_lmsamples           0/0               0/0        ( 0.0%) 
faces                 1780/65536       99680/3670016  ( 2.7%) 
hdr faces                0/65536           0/3670016  ( 0.0%) 
origfaces               71/65536        3976/3670016  ( 0.1%) 
leaves                1389/65536       44448/2097152  ( 2.1%) 
leaffaces             1899/65536        3798/131072   ( 2.9%) 
leafbrushes           1523/65536        3046/131072   ( 2.3%) 
areas                    2/1024           16/8192     ( 0.2%) 
surfedges             7972/512000      31888/2048000  ( 1.6%) 
edges                 4288/256000      17152/1024000  ( 1.7%) 
LDR worldlights          2/8192          176/720896   ( 0.0%) 
HDR worldlights          0/8192            0/720896   ( 0.0%) 
leafwaterdata            0/32768           0/393216   ( 0.0%) 
waterstrips            115/32768        1150/327680   ( 0.4%) 
waterverts               0/65536           0/786432   ( 0.0%) 
waterindices          1764/65536        3528/131072   ( 2.7%) 
cubemapsamples           0/1024            0/16384    ( 0.0%) 
overlays                 0/1024            0/360448   ( 0.0%) 
LDR lightdata         [variable]     4557840/0        ( 0.0%) 
HDR lightdata         [variable]           0/0        ( 0.0%) 
visdata               [variable]       71462/16777216 ( 0.4%) 
entdata               [variable]       15036/393216   ( 3.8%) 
LDR ambient table     1389/65536        5556/262144   ( 2.1%) 
HDR ambient table     1389/65536        5556/262144   ( 2.1%) 
LDR leaf ambient      5406/65536      151368/1835008  ( 8.2%) 
HDR leaf ambient      1389/65536       38892/1835008  ( 2.1%) 
occluders                0/0               0/0        ( 0.0%) 
occluder polygons        0/0               0/0        ( 0.0%) 
occluder vert ind        0/0               0/0        ( 0.0%) 
detail props          [variable]           1/12       ( 8.3%) 
static props          [variable]           1/12       ( 8.3%) 
pakfile               [variable]      173755/0        ( 0.0%) 
physics               [variable]       21117/4194304  ( 0.5%) 
physics terrain       [variable]           2/1048576  ( 0.0%) 

Level flags = 0

Total triangle count: 4128
Writing c:\github\propfall\map\gm_propfall.bsp
22 seconds elapsed



materialPath: C:\Program Files (x86)\Steam\steamapps\common\GarrysMod\garrysmod\materials
Loading c:\github\propfall\map\gm_propfall.vmf
fixing up env_cubemap materials on brush sides...
0...1...2...3...4...5...6...7...8...9...100...1...2...3...4...5...6...7...8...9...10Processing areas...done (0)
Building Faces...done (0)
Chop Details...done (0)
Find Visible Detail Sides...done (0)
Merging details...done (0)
FixTjuncs...
PruneNodes...
WriteBSP...
done (0)
writing c:\github\propfall\map\gm_propfall.prt...Building visibility clusters...
done (0)
Creating default LDR cubemaps for env_cubemap using skybox materials:
   skybox/sky_day02_05*.vmt
 ! Run buildcubemaps in the engine to get the correct cube maps.
Creating default HDR cubemaps for env_cubemap using skybox materials:
   skybox/sky_day02_05*.vmt
 ! Run buildcubemaps in the engine to get the correct cube maps.
Finding displacement neighbors...
Finding lightmap sample positions...
Displacement Alpha : 0...1...2...3...4...5...6...7...8...9...10
Building Physics collision data...
done (0) (21117 bytes)
Placing detail props : 0...1...2...3...4...5...6...7...8...9...10
Compacting texture/material tables...
Reduced 71 texinfos to 31
Reduced 10 texdatas to 9 (269 bytes to 219)
Writing c:\github\propfall\map\gm_propfall.bsp
0 seconds elapsed



16 threads
reading c:\github\propfall\map\gm_propfall.bsp
reading c:\github\propfall\map\gm_propfall.prt
 538 portalclusters
1195 numportals
0...1...2...3...4...5...6...7...8...9...100...1...2...3...4...5...6...7...8...9...10Optimized: 431 visible clusters (0.44%)
Total clusters visible: 98796
Average clusters visible: 183
Building PAS...
Average clusters audible: 489
visdatasize:71462  compressed from 77472
writing c:\github\propfall\map\gm_propfall.bsp
0 seconds elapsed



[Reading texlights from 'lights.rad']
[45 texlights parsed from 'lights.rad']

Loading c:\github\propfall\map\gm_propfall.bsp
PREP OK
2407 faces
7764343 square feet [1118065408.00 square inches]
0 Displacements
0 Square Feet [0.00 Square Inches]
2407 patches before subdivision
106901 patches after subdivision
2 direct lights
0...1...2...3...4...5...6...7...8...9...100...1...2...3...4...5...6...7...8...9...10transfers 69648743, max 1882
transfer lists: 531.4 megs
0...1...2...3...4...5...6...7...8...9...10	Bounce #1 added RGB(352007, 519870, 560470)
0...1...2...3...4...5...6...7...8...9...10	Bounce #2 added RGB(108206, 154398, 154810)
0...1...2...3...4...5...6...7...8...9...10	Bounce #3 added RGB(36804, 50905, 47396)
0...1...2...3...4...5...6...7...8...9...10	Bounce #4 added RGB(13159, 17638, 15216)
0...1...2...3...4...5...6...7...8...9...10	Bounce #5 added RGB(4784, 6214, 4962)
0...1...2...3...4...5...6...7...8...9...10	Bounce #6 added RGB(1752, 2205, 1629)
0...1...2...3...4...5...6...7...8...9...10	Bounce #7 added RGB(643, 785, 536)
0...1...2...3...4...5...6...7...8...9...10	Bounce #8 added RGB(237, 280, 177)
0...1...2...3...4...5...6...7...8...9...10	Bounce #9 added RGB(87, 100, 58)
0...1...2...3...4...5...6...7...8...9...10	Bounce #10 added RGB(32, 36, 19)
0...1...2...3...4...5...6...7...8...9...10	Bounce #11 added RGB(12, 13, 6)
0...1...2...3...4...5...6...7...8...9...10	Bounce #12 added RGB(4, 5, 2)
0...1...2...3...4...5...6...7...8...9...10	Bounce #13 added RGB(2, 2, 1)
0...1...2...3...4...5...6...7...8...9...10	Bounce #14 added RGB(1, 1, 0)
Build Patch/Sample Hash Table(s).....Done<0.0276 sec>
0...1...2...3...4...5...6...7...8...9...10FinalLightFace Done
0 of 0 (0% of) surface lights went in leaf ambient cubes.
0...1...2...3...4...5...6...7...8...9...10Writing leaf ambient...done
Ready to Finish

Object names       Objects/Maxobjs  Memory / Maxmem  Fullness 
------------       ---------------  ---------------  -------- 
models                   4/4096          192/196608   ( 0.1%) 
brushes                 51/16384         612/196608   ( 0.3%) 
brushsides             604/163840       4832/1310720  ( 0.4%) 
planes                1000/65536       20000/1310720  ( 1.5%) 
vertexes              3436/65536       41232/786432   ( 5.2%) 
nodes                 1384/65536       44288/2097152  ( 2.1%) 
texinfos                31/12288        2232/884736   ( 0.3%) 
texdata                  9/2048          288/65536    ( 0.4%) 
dispinfos                0/0               0/0        ( 0.0%) 
disp_verts               0/0               0/0        ( 0.0%) 
disp_tris                0/0               0/0        ( 0.0%) 
disp_lmsamples           0/0               0/0        ( 0.0%) 
faces                 2407/65536      134792/3670016  ( 3.7%) 
hdr faces                0/65536           0/3670016  ( 0.0%) 
origfaces               72/65536        4032/3670016  ( 0.1%) 
leaves                1389/65536       44448/2097152  ( 2.1%) 
leaffaces             2551/65536        5102/131072   ( 3.9%) 
leafbrushes           1523/65536        3046/131072   ( 2.3%) 
areas                    2/1024           16/8192     ( 0.2%) 
surfedges            10645/512000      42580/2048000  ( 2.1%) 
edges                 5595/256000      22380/1024000  ( 2.2%) 
LDR worldlights          2/8192          176/720896   ( 0.0%) 
HDR worldlights          0/8192            0/720896   ( 0.0%) 
leafwaterdata            0/32768           0/393216   ( 0.0%) 
waterstrips            130/32768        1300/327680   ( 0.4%) 
waterverts               0/65536           0/786432   ( 0.0%) 
waterindices          2079/65536        4158/131072   ( 3.2%) 
cubemapsamples           0/1024            0/16384    ( 0.0%) 
overlays                 0/1024            0/360448   ( 0.0%) 
LDR lightdata         [variable]    13054180/0        ( 0.0%) 
HDR lightdata         [variable]           0/0        ( 0.0%) 
visdata               [variable]       71462/16777216 ( 0.4%) 
entdata               [variable]       15036/393216   ( 3.8%) 
LDR ambient table     1389/65536        5556/262144   ( 2.1%) 
HDR ambient table     1389/65536        5556/262144   ( 2.1%) 
LDR leaf ambient      5368/65536      150304/1835008  ( 8.2%) 
HDR leaf ambient      1389/65536       38892/1835008  ( 2.1%) 
occluders                0/0               0/0        ( 0.0%) 
occluder polygons        0/0               0/0        ( 0.0%) 
occluder vert ind        0/0               0/0        ( 0.0%) 
detail props          [variable]           1/12       ( 8.3%) 
static props          [variable]           1/12       ( 8.3%) 
pakfile               [variable]      173755/0        ( 0.0%) 
physics               [variable]       21117/4194304  ( 0.5%) 
physics terrain       [variable]           2/1048576  ( 0.0%) 

Level flags = 0

Total triangle count: 5543
Writing c:\github\propfall\map\gm_propfall.bsp
29 seconds elapsed
