


materialPath: C:\Program Files (x86)\Steam\steamapps\common\GarrysMod\garrysmod\materials
Loading c:\users\rapha\documents\github\propfall\map\gm_propfall_slopes.vmf
fixing up env_cubemap materials on brush sides...
0...1...2...3...4...5...6...7...8...9...100...1...2...3...4...5...6...7...8...9...10Processing areas...done (0)
Building Faces...done (0)
Chop Details...done (0)
Find Visible Detail Sides...done (0)
Merging details...done (0)
FixTjuncs...
PruneNodes...
WriteBSP...
done (0)
writing c:\users\rapha\documents\github\propfall\map\gm_propfall_slopes.prt...Building visibility clusters...
done (0)
Creating default LDR cubemaps for env_cubemap using skybox materials:
   skybox/sky_day02_05*.vmt
 ! Run buildcubemaps in the engine to get the correct cube maps.
Creating default HDR cubemaps for env_cubemap using skybox materials:
   skybox/sky_day02_05*.vmt
 ! Run buildcubemaps in the engine to get the correct cube maps.
Finding displacement neighbors...
Finding lightmap sample positions...
Displacement Alpha : 0...1...2...3...4...5...6...7...8...9...10
Building Physics collision data...
done (0) (26445 bytes)
Placing detail props : 0...1...2...3...4...5...6...7...8...9...10
Compacting texture/material tables...
Reduced 76 texinfos to 33
Reduced 11 texdatas to 10 (313 bytes to 256)
Writing c:\users\rapha\documents\github\propfall\map\gm_propfall_slopes.bsp
0 seconds elapsed



16 threads
reading c:\users\rapha\documents\github\propfall\map\gm_propfall_slopes.bsp
reading c:\users\rapha\documents\github\propfall\map\gm_propfall_slopes.prt
 599 portalclusters
1390 numportals
0...1...2...3...4...5...6...7...8...9...100...1...2...3...4...5...6...7...8...9...10Optimized: 507 visible clusters (0.39%)
Total clusters visible: 131297
Average clusters visible: 219
Building PAS...
Average clusters audible: 548
visdatasize:87356  compressed from 95840
writing c:\users\rapha\documents\github\propfall\map\gm_propfall_slopes.bsp
3 seconds elapsed



[Reading texlights from 'lights.rad']
[45 texlights parsed from 'lights.rad']

Loading c:\users\rapha\documents\github\propfall\map\gm_propfall_slopes.bsp
PREP OK
2514 faces
7770170 square feet [1118904576.00 square inches]
0 Displacements
0 Square Feet [0.00 Square Inches]
2514 patches before subdivision
111066 patches after subdivision
2 direct lights
0...1...2...3...4...5...6...7...8...9...100...1...2...3...4...5...6...7...8...9...10transfers 70782221, max 1949
transfer lists: 540.0 megs
0...1...2...3...4...5...6...7...8...9...10	Bounce #1 added RGB(363800, 537265, 579313)
0...1...2...3...4...5...6...7...8...9...10	Bounce #2 added RGB(110935, 158270, 158730)
0...1...2...3...4...5...6...7...8...9...10	Bounce #3 added RGB(37538, 51919, 48354)
0...1...2...3...4...5...6...7...8...9...10	Bounce #4 added RGB(13386, 17941, 15482)
0...1...2...3...4...5...6...7...8...9...10	Bounce #5 added RGB(4858, 6310, 5041)
0...1...2...3...4...5...6...7...8...9...10	Bounce #6 added RGB(1777, 2237, 1653)
0...1...2...3...4...5...6...7...8...9...10	Bounce #7 added RGB(652, 796, 544)
0...1...2...3...4...5...6...7...8...9...10	Bounce #8 added RGB(240, 284, 179)
0...1...2...3...4...5...6...7...8...9...10	Bounce #9 added RGB(88, 101, 59)
0...1...2...3...4...5...6...7...8...9...10	Bounce #10 added RGB(32, 36, 19)
0...1...2...3...4...5...6...7...8...9...10	Bounce #11 added RGB(12, 13, 6)
0...1...2...3...4...5...6...7...8...9...10	Bounce #12 added RGB(4, 5, 2)
0...1...2...3...4...5...6...7...8...9...10	Bounce #13 added RGB(2, 2, 1)
0...1...2...3...4...5...6...7...8...9...10	Bounce #14 added RGB(1, 1, 0)
Build Patch/Sample Hash Table(s).....Done<0.0281 sec>
0...1...2...3...4...5...6...7...8...9...10FinalLightFace Done
0 of 0 (0% of) surface lights went in leaf ambient cubes.
0...1...2...3...4...5...6...7...8...9...10Writing leaf ambient...done
Ready to Finish

Object names       Objects/Maxobjs  Memory / Maxmem  Fullness 
------------       ---------------  ---------------  -------- 
models                   4/4096          192/196608   ( 0.1%) 
brushes                 69/16384         828/196608   ( 0.4%) 
brushsides             773/163840       6184/1310720  ( 0.5%) 
planes                1316/65536       26320/1310720  ( 2.0%) 
vertexes              3767/65536       45204/786432   ( 5.7%) 
nodes                 1454/65536       46528/2097152  ( 2.2%) 
texinfos                33/12288        2376/884736   ( 0.3%) 
texdata                 10/2048          320/65536    ( 0.5%) 
dispinfos                0/0               0/0        ( 0.0%) 
disp_verts               0/0               0/0        ( 0.0%) 
disp_tris                0/0               0/0        ( 0.0%) 
disp_lmsamples           0/0               0/0        ( 0.0%) 
faces                 2514/65536      140784/3670016  ( 3.8%) 
hdr faces                0/65536           0/3670016  ( 0.0%) 
origfaces              144/65536        8064/3670016  ( 0.2%) 
leaves                1459/65536       46688/2097152  ( 2.2%) 
leaffaces             2694/65536        5388/131072   ( 4.1%) 
leafbrushes           1579/65536        3158/131072   ( 2.4%) 
areas                    2/1024           16/8192     ( 0.2%) 
surfedges            11603/512000      46412/2048000  ( 2.3%) 
edges                 6130/256000      24520/1024000  ( 2.4%) 
LDR worldlights          2/8192          176/720896   ( 0.0%) 
HDR worldlights          0/8192            0/720896   ( 0.0%) 
leafwaterdata            0/32768           0/393216   ( 0.0%) 
waterstrips            168/32768        1680/327680   ( 0.5%) 
waterverts               0/65536           0/786432   ( 0.0%) 
waterindices          2589/65536        5178/131072   ( 4.0%) 
cubemapsamples           0/1024            0/16384    ( 0.0%) 
overlays                 0/1024            0/360448   ( 0.0%) 
LDR lightdata         [variable]    13345852/0        ( 0.0%) 
HDR lightdata         [variable]           0/0        ( 0.0%) 
visdata               [variable]       87356/16777216 ( 0.5%) 
entdata               [variable]       16309/393216   ( 4.1%) 
LDR ambient table     1459/65536        5836/262144   ( 2.2%) 
HDR ambient table     1459/65536        5836/262144   ( 2.2%) 
LDR leaf ambient      6176/65536      172928/1835008  ( 9.4%) 
HDR leaf ambient      1459/65536       40852/1835008  ( 2.2%) 
occluders                0/0               0/0        ( 0.0%) 
occluder polygons        0/0               0/0        ( 0.0%) 
occluder vert ind        0/0               0/0        ( 0.0%) 
detail props          [variable]           1/12       ( 8.3%) 
static props          [variable]           1/12       ( 8.3%) 
pakfile               [variable]      173832/0        ( 0.0%) 
physics               [variable]       26445/4194304  ( 0.6%) 
physics terrain       [variable]           2/1048576  ( 0.0%) 

Level flags = 0

Total triangle count: 5999
Writing c:\users\rapha\documents\github\propfall\map\gm_propfall_slopes.bsp
35 seconds elapsed



materialPath: C:\Program Files (x86)\Steam\steamapps\common\GarrysMod\garrysmod\materials
Loading c:\users\rapha\documents\github\propfall\map\gm_propfall_slopes.vmf
fixing up env_cubemap materials on brush sides...
0...1...2...3...4...5...6...7...8...9...100...1...2...3...4...5...6...7...8...9...10Processing areas...done (0)
Building Faces...done (0)
Chop Details...done (0)
Find Visible Detail Sides...done (0)
Merging details...done (0)
FixTjuncs...
PruneNodes...
WriteBSP...
done (0)
writing c:\users\rapha\documents\github\propfall\map\gm_propfall_slopes.prt...Building visibility clusters...
done (0)
Creating default LDR cubemaps for env_cubemap using skybox materials:
   skybox/sky_day02_05*.vmt
 ! Run buildcubemaps in the engine to get the correct cube maps.
Creating default HDR cubemaps for env_cubemap using skybox materials:
   skybox/sky_day02_05*.vmt
 ! Run buildcubemaps in the engine to get the correct cube maps.
Finding displacement neighbors...
Finding lightmap sample positions...
Displacement Alpha : 0...1...2...3...4...5...6...7...8...9...10
Building Physics collision data...
done (0) (26445 bytes)
Placing detail props : 0...1...2...3...4...5...6...7...8...9...10
Compacting texture/material tables...
Reduced 76 texinfos to 33
Reduced 11 texdatas to 10 (313 bytes to 256)
Writing c:\users\rapha\documents\github\propfall\map\gm_propfall_slopes.bsp
0 seconds elapsed



16 threads
reading c:\users\rapha\documents\github\propfall\map\gm_propfall_slopes.bsp
reading c:\users\rapha\documents\github\propfall\map\gm_propfall_slopes.prt
 530 portalclusters
1175 numportals
0...1...2...3...4...5...6...7...8...9...100...1...2...3...4...5...6...7...8...9...10Optimized: 469 visible clusters (0.50%)
Total clusters visible: 93919
Average clusters visible: 177
Building PAS...
Average clusters audible: 479
visdatasize:68385  compressed from 76320
writing c:\users\rapha\documents\github\propfall\map\gm_propfall_slopes.bsp
1 second elapsed



[Reading texlights from 'lights.rad']
[45 texlights parsed from 'lights.rad']

Loading c:\users\rapha\documents\github\propfall\map\gm_propfall_slopes.bsp
PREP OK
2511 faces
7770170 square feet [1118904576.00 square inches]
0 Displacements
0 Square Feet [0.00 Square Inches]
2511 patches before subdivision
110949 patches after subdivision
2 direct lights
0...1...2...3...4...5...6...7...8...9...100...1...2...3...4...5...6...7...8...9...10transfers 70539955, max 1946
transfer lists: 538.2 megs
0...1...2...3...4...5...6...7...8...9...10	Bounce #1 added RGB(363322, 536551, 578536)
0...1...2...3...4...5...6...7...8...9...10	Bounce #2 added RGB(110871, 158183, 158642)
0...1...2...3...4...5...6...7...8...9...10	Bounce #3 added RGB(37532, 51911, 48347)
0...1...2...3...4...5...6...7...8...9...10	Bounce #4 added RGB(13385, 17940, 15481)
0...1...2...3...4...5...6...7...8...9...10	Bounce #5 added RGB(4857, 6310, 5041)
0...1...2...3...4...5...6...7...8...9...10	Bounce #6 added RGB(1777, 2237, 1653)
0...1...2...3...4...5...6...7...8...9...10	Bounce #7 added RGB(652, 796, 544)
0...1...2...3...4...5...6...7...8...9...10	Bounce #8 added RGB(240, 284, 179)
0...1...2...3...4...5...6...7...8...9...10	Bounce #9 added RGB(88, 101, 59)
0...1...2...3...4...5...6...7...8...9...10	Bounce #10 added RGB(32, 36, 19)
0...1...2...3...4...5...6...7...8...9...10	Bounce #11 added RGB(12, 13, 6)
0...1...2...3...4...5...6...7...8...9...10	Bounce #12 added RGB(4, 5, 2)
0...1...2...3...4...5...6...7...8...9...10	Bounce #13 added RGB(2, 2, 1)
0...1...2...3...4...5...6...7...8...9...10	Bounce #14 added RGB(1, 1, 0)
Build Patch/Sample Hash Table(s).....Done<0.0273 sec>
0...1...2...3...4...5...6...7...8...9...10FinalLightFace Done
0 of 0 (0% of) surface lights went in leaf ambient cubes.
0...1...2...3...4...5...6...7...8...9...10Writing leaf ambient...done
Ready to Finish

Object names       Objects/Maxobjs  Memory / Maxmem  Fullness 
------------       ---------------  ---------------  -------- 
models                   4/4096          192/196608   ( 0.1%) 
brushes                 70/16384         840/196608   ( 0.4%) 
brushsides             779/163840       6232/1310720  ( 0.5%) 
planes                1318/65536       26360/1310720  ( 2.0%) 
vertexes              3764/65536       45168/786432   ( 5.7%) 
nodes                 1467/65536       46944/2097152  ( 2.2%) 
texinfos                33/12288        2376/884736   ( 0.3%) 
texdata                 10/2048          320/65536    ( 0.5%) 
dispinfos                0/0               0/0        ( 0.0%) 
disp_verts               0/0               0/0        ( 0.0%) 
disp_tris                0/0               0/0        ( 0.0%) 
disp_lmsamples           0/0               0/0        ( 0.0%) 
faces                 2511/65536      140616/3670016  ( 3.8%) 
hdr faces                0/65536           0/3670016  ( 0.0%) 
origfaces              144/65536        8064/3670016  ( 0.2%) 
leaves                1472/65536       47104/2097152  ( 2.2%) 
leaffaces             2717/65536        5434/131072   ( 4.1%) 
leafbrushes           1605/65536        3210/131072   ( 2.4%) 
areas                    2/1024           16/8192     ( 0.2%) 
surfedges            11591/512000      46364/2048000  ( 2.3%) 
edges                 6124/256000      24496/1024000  ( 2.4%) 
LDR worldlights          2/8192          176/720896   ( 0.0%) 
HDR worldlights          0/8192            0/720896   ( 0.0%) 
leafwaterdata            0/32768           0/393216   ( 0.0%) 
waterstrips            160/32768        1600/327680   ( 0.5%) 
waterverts               0/65536           0/786432   ( 0.0%) 
waterindices          2478/65536        4956/131072   ( 3.8%) 
cubemapsamples           0/1024            0/16384    ( 0.0%) 
overlays                 0/1024            0/360448   ( 0.0%) 
LDR lightdata         [variable]    13340836/0        ( 0.0%) 
HDR lightdata         [variable]           0/0        ( 0.0%) 
visdata               [variable]       68385/16777216 ( 0.4%) 
entdata               [variable]       16309/393216   ( 4.1%) 
LDR ambient table     1472/65536        5888/262144   ( 2.2%) 
HDR ambient table     1472/65536        5888/262144   ( 2.2%) 
LDR leaf ambient      6146/65536      172088/1835008  ( 9.4%) 
HDR leaf ambient      1472/65536       41216/1835008  ( 2.2%) 
occluders                0/0               0/0        ( 0.0%) 
occluder polygons        0/0               0/0        ( 0.0%) 
occluder vert ind        0/0               0/0        ( 0.0%) 
detail props          [variable]           1/12       ( 8.3%) 
static props          [variable]           1/12       ( 8.3%) 
pakfile               [variable]      173832/0        ( 0.0%) 
physics               [variable]       26445/4194304  ( 0.6%) 
physics terrain       [variable]           2/1048576  ( 0.0%) 

Level flags = 0

Total triangle count: 5993
Writing c:\users\rapha\documents\github\propfall\map\gm_propfall_slopes.bsp
41 seconds elapsed



materialPath: C:\Program Files (x86)\Steam\steamapps\common\GarrysMod\garrysmod\materials
Loading c:\users\rapha\documents\github\propfall\map\gm_propfall_slopes.vmf
fixing up env_cubemap materials on brush sides...
0...1...2...3...4...5...6...7...8...9...100...1...2...3...4...5...6...7...8...9...10Processing areas...done (0)
Building Faces...done (0)
Chop Details...done (0)
Find Visible Detail Sides...done (0)
Merging details...done (0)
FixTjuncs...
PruneNodes...
WriteBSP...
done (0)
writing c:\users\rapha\documents\github\propfall\map\gm_propfall_slopes.prt...Building visibility clusters...
done (0)
Creating default LDR cubemaps for env_cubemap using skybox materials:
   skybox/sky_day02_05*.vmt
 ! Run buildcubemaps in the engine to get the correct cube maps.
Creating default HDR cubemaps for env_cubemap using skybox materials:
   skybox/sky_day02_05*.vmt
 ! Run buildcubemaps in the engine to get the correct cube maps.
Finding displacement neighbors...
Finding lightmap sample positions...
Displacement Alpha : 0...1...2...3...4...5...6...7...8...9...10
Building Physics collision data...
done (0) (26445 bytes)
Placing detail props : 0...1...2...3...4...5...6...7...8...9...10
Compacting texture/material tables...
Reduced 76 texinfos to 33
Reduced 11 texdatas to 10 (313 bytes to 256)
Writing c:\users\rapha\documents\github\propfall\map\gm_propfall_slopes.bsp
0 seconds elapsed



16 threads
reading c:\users\rapha\documents\github\propfall\map\gm_propfall_slopes.bsp
reading c:\users\rapha\documents\github\propfall\map\gm_propfall_slopes.prt
 599 portalclusters
1372 numportals
0...1...2...3...4...5...6...7...8...9...100...1...2...3...4...5...6...7...8...9...10Optimized: 511 visible clusters (0.39%)
Total clusters visible: 131513
Average clusters visible: 219
Building PAS...
Average clusters audible: 548
visdatasize:87356  compressed from 95840
writing c:\users\rapha\documents\github\propfall\map\gm_propfall_slopes.bsp
3 seconds elapsed



[Reading texlights from 'lights.rad']
[45 texlights parsed from 'lights.rad']

Loading c:\users\rapha\documents\github\propfall\map\gm_propfall_slopes.bsp
PREP OK
2511 faces
7770170 square feet [1118904576.00 square inches]
0 Displacements
0 Square Feet [0.00 Square Inches]
2511 patches before subdivision
110949 patches after subdivision
2 direct lights
0...1...2...3...4...5...6...7...8...9...100...1...2...3...4...5...6...7...8...9...10transfers 70539840, max 1946
transfer lists: 538.2 megs
0...1...2...3...4...5...6...7...8...9...10	Bounce #1 added RGB(363322, 536551, 578536)
0...1...2...3...4...5...6...7...8...9...10	Bounce #2 added RGB(110872, 158183, 158642)
0...1...2...3...4...5...6...7...8...9...10	Bounce #3 added RGB(37532, 51911, 48347)
0...1...2...3...4...5...6...7...8...9...10	Bounce #4 added RGB(13385, 17940, 15481)
0...1...2...3...4...5...6...7...8...9...10	Bounce #5 added RGB(4857, 6310, 5041)
0...1...2...3...4...5...6...7...8...9...10	Bounce #6 added RGB(1777, 2237, 1653)
0...1...2...3...4...5...6...7...8...9...10	Bounce #7 added RGB(652, 796, 544)
0...1...2...3...4...5...6...7...8...9...10	Bounce #8 added RGB(240, 284, 179)
0...1...2...3...4...5...6...7...8...9...10	Bounce #9 added RGB(88, 101, 59)
0...1...2...3...4...5...6...7...8...9...10	Bounce #10 added RGB(32, 36, 19)
0...1...2...3...4...5...6...7...8...9...10	Bounce #11 added RGB(12, 13, 6)
0...1...2...3...4...5...6...7...8...9...10	Bounce #12 added RGB(4, 5, 2)
0...1...2...3...4...5...6...7...8...9...10	Bounce #13 added RGB(2, 2, 1)
0...1...2...3...4...5...6...7...8...9...10	Bounce #14 added RGB(1, 1, 0)
Build Patch/Sample Hash Table(s).....Done<0.0288 sec>
0...1...2...3...4...5...6...7...8...9...10FinalLightFace Done
0 of 0 (0% of) surface lights went in leaf ambient cubes.
0...1...2...3...4...5...6...7...8...9...10Writing leaf ambient...done
Ready to Finish

Object names       Objects/Maxobjs  Memory / Maxmem  Fullness 
------------       ---------------  ---------------  -------- 
models                   4/4096          192/196608   ( 0.1%) 
brushes                 69/16384         828/196608   ( 0.4%) 
brushsides             773/163840       6184/1310720  ( 0.5%) 
planes                1316/65536       26320/1310720  ( 2.0%) 
vertexes              3764/65536       45168/786432   ( 5.7%) 
nodes                 1467/65536       46944/2097152  ( 2.2%) 
texinfos                33/12288        2376/884736   ( 0.3%) 
texdata                 10/2048          320/65536    ( 0.5%) 
dispinfos                0/0               0/0        ( 0.0%) 
disp_verts               0/0               0/0        ( 0.0%) 
disp_tris                0/0               0/0        ( 0.0%) 
disp_lmsamples           0/0               0/0        ( 0.0%) 
faces                 2511/65536      140616/3670016  ( 3.8%) 
hdr faces                0/65536           0/3670016  ( 0.0%) 
origfaces              144/65536        8064/3670016  ( 0.2%) 
leaves                1472/65536       47104/2097152  ( 2.2%) 
leaffaces             2717/65536        5434/131072   ( 4.1%) 
leafbrushes           1605/65536        3210/131072   ( 2.4%) 
areas                    2/1024           16/8192     ( 0.2%) 
surfedges            11591/512000      46364/2048000  ( 2.3%) 
edges                 6124/256000      24496/1024000  ( 2.4%) 
LDR worldlights          2/8192          176/720896   ( 0.0%) 
HDR worldlights          0/8192            0/720896   ( 0.0%) 
leafwaterdata            0/32768           0/393216   ( 0.0%) 
waterstrips            160/32768        1600/327680   ( 0.5%) 
waterverts               0/65536           0/786432   ( 0.0%) 
waterindices          2478/65536        4956/131072   ( 3.8%) 
cubemapsamples           0/1024            0/16384    ( 0.0%) 
overlays                 0/1024            0/360448   ( 0.0%) 
LDR lightdata         [variable]    13340836/0        ( 0.0%) 
HDR lightdata         [variable]           0/0        ( 0.0%) 
visdata               [variable]       87356/16777216 ( 0.5%) 
entdata               [variable]       16309/393216   ( 4.1%) 
LDR ambient table     1472/65536        5888/262144   ( 2.2%) 
HDR ambient table     1472/65536        5888/262144   ( 2.2%) 
LDR leaf ambient      6146/65536      172088/1835008  ( 9.4%) 
HDR leaf ambient      1472/65536       41216/1835008  ( 2.2%) 
occluders                0/0               0/0        ( 0.0%) 
occluder polygons        0/0               0/0        ( 0.0%) 
occluder vert ind        0/0               0/0        ( 0.0%) 
detail props          [variable]           1/12       ( 8.3%) 
static props          [variable]           1/12       ( 8.3%) 
pakfile               [variable]      173832/0        ( 0.0%) 
physics               [variable]       26445/4194304  ( 0.6%) 
physics terrain       [variable]           2/1048576  ( 0.0%) 

Level flags = 0

Total triangle count: 5993
Writing c:\users\rapha\documents\github\propfall\map\gm_propfall_slopes.bsp
35 seconds elapsed



materialPath: C:\Program Files (x86)\Steam\steamapps\common\GarrysMod\garrysmod\materials
Loading c:\users\rapha\documents\github\propfall\map\gm_propfall_slopes.vmf
fixing up env_cubemap materials on brush sides...
0...1...2...3...4...5...6...7...8...9...100...1...2...3...4...5...6...7...8...9...10Processing areas...done (0)
Building Faces...done (0)
Chop Details...done (0)
Find Visible Detail Sides...done (0)
Merging details...done (0)
FixTjuncs...
PruneNodes...
WriteBSP...
done (0)
writing c:\users\rapha\documents\github\propfall\map\gm_propfall_slopes.prt...Building visibility clusters...
done (0)
Creating default LDR cubemaps for env_cubemap using skybox materials:
   skybox/sky_day02_05*.vmt
 ! Run buildcubemaps in the engine to get the correct cube maps.
Creating default HDR cubemaps for env_cubemap using skybox materials:
   skybox/sky_day02_05*.vmt
 ! Run buildcubemaps in the engine to get the correct cube maps.
Finding displacement neighbors...
Finding lightmap sample positions...
Displacement Alpha : 0...1...2...3...4...5...6...7...8...9...10
Building Physics collision data...
done (0) (24965 bytes)
Placing detail props : 0...1...2...3...4...5...6...7...8...9...10
Compacting texture/material tables...
Reduced 76 texinfos to 33
Reduced 11 texdatas to 10 (313 bytes to 256)
Writing c:\users\rapha\documents\github\propfall\map\gm_propfall_slopes.bsp
0 seconds elapsed



16 threads
reading c:\users\rapha\documents\github\propfall\map\gm_propfall_slopes.bsp
reading c:\users\rapha\documents\github\propfall\map\gm_propfall_slopes.prt
 583 portalclusters
1324 numportals
0...1...2...3...4...5...6...7...8...9...100...1...2...3...4...5...6...7...8...9...10Optimized: 487 visible clusters (0.40%)
Total clusters visible: 122235
Average clusters visible: 209
Building PAS...
Average clusters audible: 532
visdatasize:82808  compressed from 93280
writing c:\users\rapha\documents\github\propfall\map\gm_propfall_slopes.bsp
1 second elapsed



[Reading texlights from 'lights.rad']
[45 texlights parsed from 'lights.rad']

Loading c:\users\rapha\documents\github\propfall\map\gm_propfall_slopes.bsp
PREP OK
2486 faces
7768531 square feet [1118668544.00 square inches]
0 Displacements
0 Square Feet [0.00 Square Inches]
2486 patches before subdivision
109688 patches after subdivision
2 direct lights
0...1...2...3...4...5...6...7...8...9...100...1...2...3...4...5...6...7...8...9...10transfers 70374494, max 1927
transfer lists: 536.9 megs
0...1...2...3...4...5...6...7...8...9...10	Bounce #1 added RGB(360052, 531734, 573323)
0...1...2...3...4...5...6...7...8...9...10	Bounce #2 added RGB(110156, 157170, 157614)
0...1...2...3...4...5...6...7...8...9...10	Bounce #3 added RGB(37342, 51651, 48100)
0...1...2...3...4...5...6...7...8...9...10	Bounce #4 added RGB(13326, 17862, 15412)
0...1...2...3...4...5...6...7...8...9...10	Bounce #5 added RGB(4838, 6285, 5020)
0...1...2...3...4...5...6...7...8...9...10	Bounce #6 added RGB(1770, 2228, 1647)
0...1...2...3...4...5...6...7...8...9...10	Bounce #7 added RGB(650, 793, 542)
0...1...2...3...4...5...6...7...8...9...10	Bounce #8 added RGB(239, 283, 178)
0...1...2...3...4...5...6...7...8...9...10	Bounce #9 added RGB(88, 101, 59)
0...1...2...3...4...5...6...7...8...9...10	Bounce #10 added RGB(32, 36, 19)
0...1...2...3...4...5...6...7...8...9...10	Bounce #11 added RGB(12, 13, 6)
0...1...2...3...4...5...6...7...8...9...10	Bounce #12 added RGB(4, 5, 2)
0...1...2...3...4...5...6...7...8...9...10	Bounce #13 added RGB(2, 2, 1)
0...1...2...3...4...5...6...7...8...9...10	Bounce #14 added RGB(1, 1, 0)
Build Patch/Sample Hash Table(s).....Done<0.0275 sec>
0...1...2...3...4...5...6...7...8...9...10FinalLightFace Done
0 of 0 (0% of) surface lights went in leaf ambient cubes.
0...1...2...3...4...5...6...7...8...9...10Writing leaf ambient...done
Ready to Finish

Object names       Objects/Maxobjs  Memory / Maxmem  Fullness 
------------       ---------------  ---------------  -------- 
models                   4/4096          192/196608   ( 0.1%) 
brushes                 64/16384         768/196608   ( 0.4%) 
brushsides             727/163840       5816/1310720  ( 0.4%) 
planes                1230/65536       24600/1310720  ( 1.9%) 
vertexes              3681/65536       44172/786432   ( 5.6%) 
nodes                 1446/65536       46272/2097152  ( 2.2%) 
texinfos                33/12288        2376/884736   ( 0.3%) 
texdata                 10/2048          320/65536    ( 0.5%) 
dispinfos                0/0               0/0        ( 0.0%) 
disp_verts               0/0               0/0        ( 0.0%) 
disp_tris                0/0               0/0        ( 0.0%) 
disp_lmsamples           0/0               0/0        ( 0.0%) 
faces                 2486/65536      139216/3670016  ( 3.8%) 
hdr faces                0/65536           0/3670016  ( 0.0%) 
origfaces              124/65536        6944/3670016  ( 0.2%) 
leaves                1451/65536       46432/2097152  ( 2.2%) 
leaffaces             2675/65536        5350/131072   ( 4.1%) 
leafbrushes           1585/65536        3170/131072   ( 2.4%) 
areas                    2/1024           16/8192     ( 0.2%) 
surfedges            11345/512000      45380/2048000  ( 2.2%) 
edges                 5984/256000      23936/1024000  ( 2.3%) 
LDR worldlights          2/8192          176/720896   ( 0.0%) 
HDR worldlights          0/8192            0/720896   ( 0.0%) 
leafwaterdata            0/32768           0/393216   ( 0.0%) 
waterstrips            149/32768        1490/327680   ( 0.5%) 
waterverts               0/65536           0/786432   ( 0.0%) 
waterindices          2325/65536        4650/131072   ( 3.5%) 
cubemapsamples           0/1024            0/16384    ( 0.0%) 
overlays                 0/1024            0/360448   ( 0.0%) 
LDR lightdata         [variable]    13264016/0        ( 0.0%) 
HDR lightdata         [variable]           0/0        ( 0.0%) 
visdata               [variable]       82808/16777216 ( 0.5%) 
entdata               [variable]       16309/393216   ( 4.1%) 
LDR ambient table     1451/65536        5804/262144   ( 2.2%) 
HDR ambient table     1451/65536        5804/262144   ( 2.2%) 
LDR leaf ambient      5936/65536      166208/1835008  ( 9.1%) 
HDR leaf ambient      1451/65536       40628/1835008  ( 2.2%) 
occluders                0/0               0/0        ( 0.0%) 
occluder polygons        0/0               0/0        ( 0.0%) 
occluder vert ind        0/0               0/0        ( 0.0%) 
detail props          [variable]           1/12       ( 8.3%) 
static props          [variable]           1/12       ( 8.3%) 
pakfile               [variable]      173832/0        ( 0.0%) 
physics               [variable]       24965/4194304  ( 0.6%) 
physics terrain       [variable]           2/1048576  ( 0.0%) 

Level flags = 0

Total triangle count: 5877
Writing c:\users\rapha\documents\github\propfall\map\gm_propfall_slopes.bsp
33 seconds elapsed
